<?xml version="1.0" encoding="UTF-8"?>
<testsuite xmlns:xsi="http://www.w3.org/2001/XMLSchema-instance" xsi:noNamespaceSchemaLocation="https://maven.apache.org/surefire/maven-surefire-plugin/xsd/surefire-test-report-3.0.xsd" version="3.0" name="com.smartcourier.config_server.ConfigServerApplicationTests" time="11.689" tests="3" errors="0" skipped="0" failures="0">
  <properties>
[...]
</properties>
  <testcase name="instantiate" classname="com.smartcourier.config_server.ConfigServerApplicationTests" time="1.845">
    <system-out><![CDATA[15:12:10.270 [main] INFO org.springframework.test.context.support.AnnotationConfigContextLoaderUtils -- Could not detect default configuration classes for test class [com.smartcourier.config_server.ConfigServerApplicationTests]: ConfigServerApplicationTests does not declare any static, non-private, non-final, nested classes annotated with @Configuration.
15:12:10.655 [main] INFO org.springframework.boot.test.context.SpringBootTestContextBootstrapper -- Found @SpringBootConfiguration com.smartcourier.config_server.ConfigServerApplication for test class com.smartcourier.config_server.ConfigServerApplicationTests

  .   ____          _            __ _ _
 /\\ / ___'_ __ _ _(_)_ __  __ _ \ \ \ \
( ( )\___ | '_ | '_| | '_ \/ _` | \ \ \ \
 \\/  ___)| |_)| | | | | || (_| |  ) ) ) )
  '  |____| .__|_| |_|_| |_\__, | / / / /
 =========|_|==============|___/=/_/_/_/
 :: Spring Boot ::                (v3.2.5)

2026-03-30T15:12:12.303+05:30  INFO 14624 --- [config-server] [           main] c.s.c.ConfigServerApplicationTests       : Starting ConfigServerApplicationTests using Java 17.0.18 with PID 14624 (started by Gungun in C:\capgemini_sprint\config-server\config-server)
2026-03-30T15:12:12.303+05:30  INFO 14624 --- [config-server] [           main] c.s.c.ConfigServerApplicationTests       : The following 1 profile is active: "native"
2026-03-30T15:12:14.710+05:30  INFO 14624 --- [config-server] [           main] o.s.cloud.context.scope.GenericScope     : BeanFactory id=52ebe2c8-14b9-351e-937f-3ace15e4966a
2026-03-30T15:12:17.164+05:30  INFO 14624 --- [config-server] [           main] o.s.b.a.e.web.EndpointLinksResolver      : Exposing 1 endpoint(s) beneath base path '/actuator'
2026-03-30T15:12:17.328+05:30  INFO 14624 --- [config-server] [           main] c.s.c.ConfigServerApplicationTests       : Started ConfigServerApplicationTests in 6.086 seconds (process running for 9.091)
]]></system-out>
  </testcase>
  <testcase name="main" classname="com.smartcourier.config_server.ConfigServerApplicationTests" time="2.129">
    <system-out><![CDATA[
  .   ____          _            __ _ _
 /\\ / ___'_ __ _ _(_)_ __  __ _ \ \ \ \
( ( )\___ | '_ | '_| | '_ \/ _` | \ \ \ \
 \\/  ___)| |_)| | | | | || (_| |  ) ) ) )
  '  |____| .__|_| |_|_| |_\__, | / / / /
 =========|_|==============|___/=/_/_/_/
 :: Spring Boot ::                (v3.2.5)

2026-03-30T15:12:19.591+05:30  INFO 14624 --- [config-server] [           main] c.s.c.ConfigServerApplication            : Starting ConfigServerApplication using Java 17.0.18 with PID 14624 (started by Gungun in C:\capgemini_sprint\config-server\config-server)
2026-03-30T15:12:19.591+05:30  INFO 14624 --- [config-server] [           main] c.s.c.ConfigServerApplication            : The following 1 profile is active: "native"
2026-03-30T15:12:20.002+05:30  INFO 14624 --- [config-server] [           main] o.s.cloud.context.scope.GenericScope     : BeanFactory id=db215e97-977c-3847-b676-3c40335a84d2
2026-03-30T15:12:20.373+05:30  INFO 14624 --- [config-server] [           main] o.s.b.w.embedded.tomcat.TomcatWebServer  : Tomcat initialized with port 0 (http)
2026-03-30T15:12:20.399+05:30  INFO 14624 --- [config-server] [           main] o.apache.catalina.core.StandardService   : Starting service [Tomcat]
2026-03-30T15:12:20.399+05:30  INFO 14624 --- [config-server] [           main] o.apache.catalina.core.StandardEngine    : Starting Servlet engine: [Apache Tomcat/10.1.20]
2026-03-30T15:12:20.503+05:30  INFO 14624 --- [config-server] [           main] o.a.c.c.C.[Tomcat].[localhost].[/]       : Initializing Spring embedded WebApplicationContext
2026-03-30T15:12:20.508+05:30  INFO 14624 --- [config-server] [           main] w.s.c.ServletWebServerApplicationContext : Root WebApplicationContext: initialization completed in 915 ms
2026-03-30T15:12:21.126+05:30  INFO 14624 --- [config-server] [           main] o.s.b.a.e.web.EndpointLinksResolver      : Exposing 1 endpoint(s) beneath base path '/actuator'
2026-03-30T15:12:21.210+05:30  INFO 14624 --- [config-server] [           main] o.s.b.w.embedded.tomcat.TomcatWebServer  : Tomcat started on port 62716 (http) with context path ''
2026-03-30T15:12:21.403+05:30  INFO 14624 --- [config-server] [           main] c.s.c.ConfigServerApplication            : Started ConfigServerApplication in 2.117 seconds (process running for 13.174)
]]></system-out>
  </testcase>
  <testcase name="contextLoads" classname="com.smartcourier.config_server.ConfigServerApplicationTests" time="0.001"/>
</testsuite>